<?xml version="1.0" encoding="UTF-8"?>
<!-- Generated by org.testng.reporters.JUnitReportReporter -->
<testsuite hostname="VDX3795" name="com.selenium.tests.Granite.GraniteTest" tests="1" failures="0" timestamp="18 Sep 2017 06:27:35 GMT" time="136.935" errors="0">
  <testcase name="GraniteTest" time="136.935" classname="com.selenium.tests.Granite.GraniteTest"/>
</testsuite> <!-- com.selenium.tests.Granite.GraniteTest -->
