<?xml version="1.0" encoding="UTF-8"?>
<!-- Generated by org.testng.reporters.JUnitReportReporter -->
<testsuite hostname="VDX3795" name="com.selenium.tests.Postpaid.NPMSPortTest" tests="1" failures="0" timestamp="15 Sep 2017 14:45:12 GMT" time="64.369" errors="0">
  <testcase name="FiberconnectionTest" time="64.369" classname="com.selenium.tests.Postpaid.NPMSPortTest"/>
</testsuite> <!-- com.selenium.tests.Postpaid.NPMSPortTest -->
