<?xml version="1.0" encoding="UTF-8"?>
<!-- Generated by org.testng.reporters.JUnitReportReporter -->
<testsuite hostname="VDX3795" name="com.selenium.tests.Postpaid.PostpaidTest" tests="1" failures="0" timestamp="20 Sep 2017 04:42:44 GMT" time="772.362" errors="0">
  <testcase name="PostpaidTest" time="772.362" classname="com.selenium.tests.Postpaid.PostpaidTest"/>
</testsuite> <!-- com.selenium.tests.Postpaid.PostpaidTest -->
