<?xml version="1.0" encoding="UTF-8"?>
<!-- Generated by org.testng.reporters.JUnitReportReporter -->
<testsuite hostname="VDX3352" name="com.selenium.tests.OrderManagement.ORderManagementTest" tests="1" failures="0" timestamp="10 Oct 2017 08:32:29 GMT" time="53.188" errors="1">
  <testcase name="createNewconnect" time="53.188" classname="com.selenium.tests.OrderManagement.ORderManagementTest">
    <error type="org.openqa.selenium.WebDriverException" message="Failed to connect to binary FirefoxBinary(C:\Program Files (x86)\Mozilla Firefox\firefox.exe) on port 7056; process output follows: 
006	addons.xpi	DEBUG	getInstallState changed: false, state: {&quot;app-profile&quot;:{&quot;fxdriver@googlecode.com&quot;:{&quot;d&quot;:&quot;C:\\Users\\T967197\\AppData\\Local\\Temp\\anonymous3704883559482809364webdriver-profile\\extensions\\fxdriver@googlecode.com&quot;,&quot;e&quot;:false,&quot;v&quot;:&quot;2.45.0&quot;,&quot;st&quot;:1507624298639,&quot;mt&quot;:1507624298467}},&quot;app-system-defaults&quot;:{&quot;e10srollout@mozilla.org&quot;:{&quot;d&quot;:&quot;C:\\Program Files (x86)\\Mozilla Firefox\\browser\\features\\e10srollout@mozilla.org.xpi&quot;,&quot;e&quot;:true,&quot;v&quot;:&quot;1.0&quot;,&quot;st&quot;:1461279552000},&quot;firefox@getpocket.com&quot;:{&quot;d&quot;:&quot;C:\\Program Files (x86)\\Mozilla Firefox\\browser\\features\\firefox@getpocket.com.xpi&quot;,&quot;e&quot;:true,&quot;v&quot;:&quot;1.0&quot;,&quot;st&quot;:1461279552000},&quot;loop@mozilla.org&quot;:{&quot;d&quot;:&quot;C:\\Program Files (x86)\\Mozilla Firefox\\browser\\features\\loop@mozilla.org.xpi&quot;,&quot;e&quot;:true,&quot;v&quot;:&quot;1.2.6&quot;,&quot;st&quot;:1461279552000}},&quot;app-global&quot;:{&quot;{972ce4c6-7e08-4474-a285-3208198ce6fd}&quot;:{&quot;d&quot;:&quot;C:\\Program Files (x86)\\Mozilla Firefox\\browser\\extensions\\{972ce4c6-7e08-4474-a285-3208198ce6fd}.xpi&quot;,&quot;e&quot;:true,&quot;v&quot;:&quot;46.0&quot;,&quot;st&quot;:1461279552000}}}
1507624303008	addons.xpi	DEBUG	No changes found
1507624303015	addons.xpi	DEBUG	Registering manifest for C:\Program Files (x86)\Mozilla Firefox\browser\features\e10srollout@mozilla.org.xpi
1507624303015	addons.xpi	DEBUG	Loading bootstrap scope from C:\Program Files (x86)\Mozilla Firefox\browser\features\e10srollout@mozilla.org.xpi
1507624303027	addons.xpi	DEBUG	Calling bootstrap method startup on e10srollout@mozilla.org version 1.0
1507624303028	addons.xpi	DEBUG	Registering manifest for C:\Program Files (x86)\Mozilla Firefox\browser\features\firefox@getpocket.com.xpi
1507624303029	addons.xpi	DEBUG	Loading bootstrap scope from C:\Program Files (x86)\Mozilla Firefox\browser\features\firefox@getpocket.com.xpi
1507624303032	addons.xpi	DEBUG	Calling bootstrap method startup on firefox@getpocket.com version 1.0
1507624303040	addons.xpi-utils	DEBUG	Starting async load of XPI database C:\Users\T967197\AppData\Local\Temp\anonymous3704883559482809364webdriver-profile\extensions.json
1507624303041	addons.xpi	DEBUG	Registering manifest for C:\Program Files (x86)\Mozilla Firefox\browser\features\loop@mozilla.org.xpi
1507624303042	addons.xpi	DEBUG	Loading bootstrap scope from C:\Program Files (x86)\Mozilla Firefox\browser\features\loop@mozilla.org.xpi
1507624303046	addons.xpi	DEBUG	Calling bootstrap method startup on loop@mozilla.org version 1.2.6
1507624303075	addons.manager	DEBUG	Registering shutdown blocker for XPIProvider
1507624303075	addons.manager	DEBUG	Provider finished startup: XPIProvider
1507624303075	addons.manager	DEBUG	Starting provider: LightweightThemeManager
1507624303075	addons.manager	DEBUG	Registering shutdown blocker for LightweightThemeManager
1507624303075	addons.manager	DEBUG	Provider finished startup: LightweightThemeManager
1507624303076	addons.manager	DEBUG	Starting provider: GMPProvider
1507624303083	addons.manager	DEBUG	Registering shutdown blocker for GMPProvider
1507624303084	addons.manager	DEBUG	Provider finished startup: GMPProvider
1507624303084	addons.manager	DEBUG	Starting provider: PluginProvider
1507624303084	addons.manager	DEBUG	Registering shutdown blocker for PluginProvider
1507624303084	addons.manager	DEBUG	Provider finished startup: PluginProvider
1507624303085	addons.manager	DEBUG	Completed startup sequence
1507624303342	addons.xpi-utils	DEBUG	Async JSON file read took 0 MS
1507624303342	addons.xpi-utils	DEBUG	Finished async read of XPI database, parsing...
1507624303344	addons.xpi-utils	DEBUG	Successfully read XPI database
1507624303356	addons.manager	DEBUG	Starting provider: &lt;unnamed-provider&gt;
1507624303356	addons.manager	DEBUG	Registering shutdown blocker for &lt;unnamed-provider&gt;
1507624303356	addons.manager	DEBUG	Provider finished startup: &lt;unnamed-provider&gt;
*** Blocklist::_loadBlocklistFromFile: blocklist is disabled
1507624303631	addons.manager	DEBUG	Starting provider: PreviousExperimentProvider
1507624303631	addons.manager	DEBUG	Registering shutdown blocker for PreviousExperimentProvider
1507624303631	addons.manager	DEBUG	Provider finished startup: PreviousExperimentProvider

Build info: version: &#039;2.45.0&#039;, revision: &#039;5017cb8e7ca8e37638dc3091b2440b90a1d8686f&#039;, time: &#039;2015-02-27 09:10:26&#039;
System info: host: &#039;VDX3352&#039;, ip: &#039;10.236.145.205&#039;, os.name: &#039;Windows 7&#039;, os.arch: &#039;amd64&#039;, os.version: &#039;6.1&#039;, java.version: &#039;1.8.0_141&#039;
Driver info: driver.version: FirefoxDriver">
      <![CDATA[org.openqa.selenium.WebDriverException: Failed to connect to binary FirefoxBinary(C:\Program Files (x86)\Mozilla Firefox\firefox.exe) on port 7056; process output follows: 
006	addons.xpi	DEBUG	getInstallState changed: false, state: {"app-profile":{"fxdriver@googlecode.com":{"d":"C:\\Users\\T967197\\AppData\\Local\\Temp\\anonymous3704883559482809364webdriver-profile\\extensions\\fxdriver@googlecode.com","e":false,"v":"2.45.0","st":1507624298639,"mt":1507624298467}},"app-system-defaults":{"e10srollout@mozilla.org":{"d":"C:\\Program Files (x86)\\Mozilla Firefox\\browser\\features\\e10srollout@mozilla.org.xpi","e":true,"v":"1.0","st":1461279552000},"firefox@getpocket.com":{"d":"C:\\Program Files (x86)\\Mozilla Firefox\\browser\\features\\firefox@getpocket.com.xpi","e":true,"v":"1.0","st":1461279552000},"loop@mozilla.org":{"d":"C:\\Program Files (x86)\\Mozilla Firefox\\browser\\features\\loop@mozilla.org.xpi","e":true,"v":"1.2.6","st":1461279552000}},"app-global":{"{972ce4c6-7e08-4474-a285-3208198ce6fd}":{"d":"C:\\Program Files (x86)\\Mozilla Firefox\\browser\\extensions\\{972ce4c6-7e08-4474-a285-3208198ce6fd}.xpi","e":true,"v":"46.0","st":1461279552000}}}
1507624303008	addons.xpi	DEBUG	No changes found
1507624303015	addons.xpi	DEBUG	Registering manifest for C:\Program Files (x86)\Mozilla Firefox\browser\features\e10srollout@mozilla.org.xpi
1507624303015	addons.xpi	DEBUG	Loading bootstrap scope from C:\Program Files (x86)\Mozilla Firefox\browser\features\e10srollout@mozilla.org.xpi
1507624303027	addons.xpi	DEBUG	Calling bootstrap method startup on e10srollout@mozilla.org version 1.0
1507624303028	addons.xpi	DEBUG	Registering manifest for C:\Program Files (x86)\Mozilla Firefox\browser\features\firefox@getpocket.com.xpi
1507624303029	addons.xpi	DEBUG	Loading bootstrap scope from C:\Program Files (x86)\Mozilla Firefox\browser\features\firefox@getpocket.com.xpi
1507624303032	addons.xpi	DEBUG	Calling bootstrap method startup on firefox@getpocket.com version 1.0
1507624303040	addons.xpi-utils	DEBUG	Starting async load of XPI database C:\Users\T967197\AppData\Local\Temp\anonymous3704883559482809364webdriver-profile\extensions.json
1507624303041	addons.xpi	DEBUG	Registering manifest for C:\Program Files (x86)\Mozilla Firefox\browser\features\loop@mozilla.org.xpi
1507624303042	addons.xpi	DEBUG	Loading bootstrap scope from C:\Program Files (x86)\Mozilla Firefox\browser\features\loop@mozilla.org.xpi
1507624303046	addons.xpi	DEBUG	Calling bootstrap method startup on loop@mozilla.org version 1.2.6
1507624303075	addons.manager	DEBUG	Registering shutdown blocker for XPIProvider
1507624303075	addons.manager	DEBUG	Provider finished startup: XPIProvider
1507624303075	addons.manager	DEBUG	Starting provider: LightweightThemeManager
1507624303075	addons.manager	DEBUG	Registering shutdown blocker for LightweightThemeManager
1507624303075	addons.manager	DEBUG	Provider finished startup: LightweightThemeManager
1507624303076	addons.manager	DEBUG	Starting provider: GMPProvider
1507624303083	addons.manager	DEBUG	Registering shutdown blocker for GMPProvider
1507624303084	addons.manager	DEBUG	Provider finished startup: GMPProvider
1507624303084	addons.manager	DEBUG	Starting provider: PluginProvider
1507624303084	addons.manager	DEBUG	Registering shutdown blocker for PluginProvider
1507624303084	addons.manager	DEBUG	Provider finished startup: PluginProvider
1507624303085	addons.manager	DEBUG	Completed startup sequence
1507624303342	addons.xpi-utils	DEBUG	Async JSON file read took 0 MS
1507624303342	addons.xpi-utils	DEBUG	Finished async read of XPI database, parsing...
1507624303344	addons.xpi-utils	DEBUG	Successfully read XPI database
1507624303356	addons.manager	DEBUG	Starting provider: <unnamed-provider>
1507624303356	addons.manager	DEBUG	Registering shutdown blocker for <unnamed-provider>
1507624303356	addons.manager	DEBUG	Provider finished startup: <unnamed-provider>
*** Blocklist::_loadBlocklistFromFile: blocklist is disabled
1507624303631	addons.manager	DEBUG	Starting provider: PreviousExperimentProvider
1507624303631	addons.manager	DEBUG	Registering shutdown blocker for PreviousExperimentProvider
1507624303631	addons.manager	DEBUG	Provider finished startup: PreviousExperimentProvider

Build info: version: '2.45.0', revision: '5017cb8e7ca8e37638dc3091b2440b90a1d8686f', time: '2015-02-27 09:10:26'
System info: host: 'VDX3352', ip: '10.236.145.205', os.name: 'Windows 7', os.arch: 'amd64', os.version: '6.1', java.version: '1.8.0_141'
Driver info: driver.version: FirefoxDriver
	at org.openqa.selenium.firefox.internal.NewProfileExtensionConnection.start(NewProfileExtensionConnection.java:130)
	at org.openqa.selenium.firefox.FirefoxDriver.startClient(FirefoxDriver.java:246)
	at org.openqa.selenium.remote.RemoteWebDriver.<init>(RemoteWebDriver.java:114)
	at org.openqa.selenium.firefox.FirefoxDriver.<init>(FirefoxDriver.java:191)
	at org.openqa.selenium.firefox.FirefoxDriver.<init>(FirefoxDriver.java:186)
	at org.openqa.selenium.firefox.FirefoxDriver.<init>(FirefoxDriver.java:182)
	at org.openqa.selenium.firefox.FirefoxDriver.<init>(FirefoxDriver.java:95)
	at com.selenium.helpers.GenericTest.<init>(GenericTest.java:68)
	at com.selenium.helpers.Page.<init>(Page.java:99)
	at com.selenium.reusableFunctions.LoginPage.<init>(LoginPage.java:41)
	at com.selenium.tests.OrderManagement.ORderManagementTest.createNewconnect(ORderManagementTest.java:55)
	at sun.reflect.NativeMethodAccessorImpl.invoke0(Native Method)
	at sun.reflect.NativeMethodAccessorImpl.invoke(NativeMethodAccessorImpl.java:62)
	at sun.reflect.DelegatingMethodAccessorImpl.invoke(DelegatingMethodAccessorImpl.java:43)
	at java.lang.reflect.Method.invoke(Method.java:498)
	at org.testng.internal.MethodInvocationHelper.invokeMethod(MethodInvocationHelper.java:85)
	at org.testng.internal.Invoker.invokeMethod(Invoker.java:639)
	at org.testng.internal.Invoker.invokeTestMethod(Invoker.java:821)
	at org.testng.internal.Invoker.invokeTestMethods(Invoker.java:1131)
	at org.testng.internal.TestMethodWorker.invokeTestMethods(TestMethodWorker.java:124)
	at org.testng.internal.TestMethodWorker.run(TestMethodWorker.java:108)
	at org.testng.TestRunner.privateRun(TestRunner.java:773)
	at org.testng.TestRunner.run(TestRunner.java:623)
	at org.testng.SuiteRunner.runTest(SuiteRunner.java:357)
	at org.testng.SuiteRunner.runSequentially(SuiteRunner.java:352)
	at org.testng.SuiteRunner.privateRun(SuiteRunner.java:310)
	at org.testng.SuiteRunner.run(SuiteRunner.java:259)
	at org.testng.SuiteRunnerWorker.runSuite(SuiteRunnerWorker.java:52)
	at org.testng.SuiteRunnerWorker.run(SuiteRunnerWorker.java:86)
	at org.testng.TestNG.runSuitesSequentially(TestNG.java:1185)
	at org.testng.TestNG.runSuitesLocally(TestNG.java:1110)
	at org.testng.TestNG.run(TestNG.java:1018)
	at org.testng.remote.AbstractRemoteTestNG.run(AbstractRemoteTestNG.java:132)
	at org.testng.remote.RemoteTestNG.initAndRun(RemoteTestNG.java:230)
	at org.testng.remote.RemoteTestNG.main(RemoteTestNG.java:76)
Caused by: org.openqa.selenium.firefox.NotConnectedException: Unable to connect to host 127.0.0.1 on port 7056 after 45000 ms. Firefox console output:
006	addons.xpi	DEBUG	getInstallState changed: false, state: {"app-profile":{"fxdriver@googlecode.com":{"d":"C:\\Users\\T967197\\AppData\\Local\\Temp\\anonymous3704883559482809364webdriver-profile\\extensions\\fxdriver@googlecode.com","e":false,"v":"2.45.0","st":1507624298639,"mt":1507624298467}},"app-system-defaults":{"e10srollout@mozilla.org":{"d":"C:\\Program Files (x86)\\Mozilla Firefox\\browser\\features\\e10srollout@mozilla.org.xpi","e":true,"v":"1.0","st":1461279552000},"firefox@getpocket.com":{"d":"C:\\Program Files (x86)\\Mozilla Firefox\\browser\\features\\firefox@getpocket.com.xpi","e":true,"v":"1.0","st":1461279552000},"loop@mozilla.org":{"d":"C:\\Program Files (x86)\\Mozilla Firefox\\browser\\features\\loop@mozilla.org.xpi","e":true,"v":"1.2.6","st":1461279552000}},"app-global":{"{972ce4c6-7e08-4474-a285-3208198ce6fd}":{"d":"C:\\Program Files (x86)\\Mozilla Firefox\\browser\\extensions\\{972ce4c6-7e08-4474-a285-3208198ce6fd}.xpi","e":true,"v":"46.0","st":1461279552000}}}
1507624303008	addons.xpi	DEBUG	No changes found
1507624303015	addons.xpi	DEBUG	Registering manifest for C:\Program Files (x86)\Mozilla Firefox\browser\features\e10srollout@mozilla.org.xpi
1507624303015	addons.xpi	DEBUG	Loading bootstrap scope from C:\Program Files (x86)\Mozilla Firefox\browser\features\e10srollout@mozilla.org.xpi
1507624303027	addons.xpi	DEBUG	Calling bootstrap method startup on e10srollout@mozilla.org version 1.0
1507624303028	addons.xpi	DEBUG	Registering manifest for C:\Program Files (x86)\Mozilla Firefox\browser\features\firefox@getpocket.com.xpi
1507624303029	addons.xpi	DEBUG	Loading bootstrap scope from C:\Program Files (x86)\Mozilla Firefox\browser\features\firefox@getpocket.com.xpi
1507624303032	addons.xpi	DEBUG	Calling bootstrap method startup on firefox@getpocket.com version 1.0
1507624303040	addons.xpi-utils	DEBUG	Starting async load of XPI database C:\Users\T967197\AppData\Local\Temp\anonymous3704883559482809364webdriver-profile\extensions.json
1507624303041	addons.xpi	DEBUG	Registering manifest for C:\Program Files (x86)\Mozilla Firefox\browser\features\loop@mozilla.org.xpi
1507624303042	addons.xpi	DEBUG	Loading bootstrap scope from C:\Program Files (x86)\Mozilla Firefox\browser\features\loop@mozilla.org.xpi
1507624303046	addons.xpi	DEBUG	Calling bootstrap method startup on loop@mozilla.org version 1.2.6
1507624303075	addons.manager	DEBUG	Registering shutdown blocker for XPIProvider
1507624303075	addons.manager	DEBUG	Provider finished startup: XPIProvider
1507624303075	addons.manager	DEBUG	Starting provider: LightweightThemeManager
1507624303075	addons.manager	DEBUG	Registering shutdown blocker for LightweightThemeManager
1507624303075	addons.manager	DEBUG	Provider finished startup: LightweightThemeManager
1507624303076	addons.manager	DEBUG	Starting provider: GMPProvider
1507624303083	addons.manager	DEBUG	Registering shutdown blocker for GMPProvider
1507624303084	addons.manager	DEBUG	Provider finished startup: GMPProvider
1507624303084	addons.manager	DEBUG	Starting provider: PluginProvider
1507624303084	addons.manager	DEBUG	Registering shutdown blocker for PluginProvider
1507624303084	addons.manager	DEBUG	Provider finished startup: PluginProvider
1507624303085	addons.manager	DEBUG	Completed startup sequence
1507624303342	addons.xpi-utils	DEBUG	Async JSON file read took 0 MS
1507624303342	addons.xpi-utils	DEBUG	Finished async read of XPI database, parsing...
1507624303344	addons.xpi-utils	DEBUG	Successfully read XPI database
1507624303356	addons.manager	DEBUG	Starting provider: <unnamed-provider>
1507624303356	addons.manager	DEBUG	Registering shutdown blocker for <unnamed-provider>
1507624303356	addons.manager	DEBUG	Provider finished startup: <unnamed-provider>
*** Blocklist::_loadBlocklistFromFile: blocklist is disabled
1507624303631	addons.manager	DEBUG	Starting provider: PreviousExperimentProvider
1507624303631	addons.manager	DEBUG	Registering shutdown blocker for PreviousExperimentProvider
1507624303631	addons.manager	DEBUG	Provider finished startup: PreviousExperimentProvider

	at org.openqa.selenium.firefox.internal.NewProfileExtensionConnection.start(NewProfileExtensionConnection.java:118)
	... 34 more
]]>
    </error>
  </testcase> <!-- createNewconnect -->
</testsuite> <!-- com.selenium.tests.OrderManagement.ORderManagementTest -->
