<?xml version="1.0" encoding="UTF-8"?>
<!-- Generated by org.testng.reporters.JUnitReportReporter -->
<testsuite hostname="VDX3795" name="com.selenium.tests.Postpaid.MySparkonlineTest" tests="1" failures="0" timestamp="15 Sep 2017 14:41:52 GMT" time="179.338" errors="0">
  <testcase name="FiberconnectionTest" time="179.338" classname="com.selenium.tests.Postpaid.MySparkonlineTest"/>
</testsuite> <!-- com.selenium.tests.Postpaid.MySparkonlineTest -->
