<?xml version="1.0" encoding="UTF-8"?>
<!-- Generated by org.testng.reporters.JUnitReportReporter -->
<testsuite hostname="VDX3795" name="com.selenium.tests.NewConnect.NewconnectCRMsalesTest" tests="1" failures="0" timestamp="15 Sep 2017 05:40:44 GMT" time="116.945" errors="0">
  <testcase name="createNewconnect" time="116.945" classname="com.selenium.tests.NewConnect.NewconnectCRMsalesTest"/>
</testsuite> <!-- com.selenium.tests.NewConnect.NewconnectCRMsalesTest -->
