<?xml version="1.0" encoding="UTF-8"?>
<!-- Generated by org.testng.reporters.JUnitReportReporter -->
<testsuite hostname="VDX3795" name="com.selenium.tests.NPMS.NPMSPortTest" tests="1" failures="0" timestamp="26 Sep 2017 09:25:23 GMT" time="22.489" errors="0">
  <testcase name="NPMSPortTest" time="22.489" classname="com.selenium.tests.NPMS.NPMSPortTest"/>
</testsuite> <!-- com.selenium.tests.NPMS.NPMSPortTest -->
