<?xml version="1.0" encoding="UTF-8"?>
<!-- Generated by org.testng.reporters.JUnitReportReporter -->
<testsuite hostname="VDX3795" name="com.selenium.tests.Fiber.FiberconnectionTest" tests="1" failures="0" timestamp="14 Sep 2017 04:26:10 GMT" time="328.972" errors="0">
  <testcase name="FiberconnectionTest" time="328.972" classname="com.selenium.tests.Fiber.FiberconnectionTest"/>
</testsuite> <!-- com.selenium.tests.Fiber.FiberconnectionTest -->
