<?xml version="1.0" encoding="UTF-8"?>
<!-- Generated by org.testng.reporters.JUnitReportReporter -->
<testsuite hostname="VDX3795" name="com.selenium.tests.CRMSales.CRMsalesTest" tests="1" failures="0" timestamp="18 Sep 2017 06:22:43 GMT" time="75.938" errors="0">
  <testcase name="CRMsalesTest" time="75.938" classname="com.selenium.tests.CRMSales.CRMsalesTest"/>
</testsuite> <!-- com.selenium.tests.CRMSales.CRMsalesTest -->
