<?xml version="1.0" encoding="UTF-8"?>
<!-- Generated by org.testng.reporters.JUnitReportReporter -->
<testsuite hostname="VDX3795" name="com.selenium.tests.Tass.TassNewconnectTest" tests="1" failures="0" timestamp="20 Sep 2017 08:29:21 GMT" time="767.929" errors="0">
  <testcase name="createNewconnect" time="767.929" classname="com.selenium.tests.Tass.TassNewconnectTest"/>
</testsuite> <!-- com.selenium.tests.Tass.TassNewconnectTest -->
