<?xml version="1.0" encoding="UTF-8"?>
<!-- Generated by org.testng.reporters.JUnitReportReporter -->
<testsuite hostname="VDX3795" name="com.selenium.tests.Toss.TossNewconnectTest" tests="1" failures="0" timestamp="15 Sep 2017 14:08:37 GMT" time="691.205" errors="0">
  <testcase name="createNewconnect" time="691.205" classname="com.selenium.tests.Toss.TossNewconnectTest"/>
</testsuite> <!-- com.selenium.tests.Toss.TossNewconnectTest -->
