<?xml version="1.0" encoding="UTF-8"?>
<!-- Generated by org.testng.reporters.JUnitReportReporter -->
<testsuite hostname="VDX3795" name="com.selenium.tests.desktop.NotepadTest" tests="1" failures="0" timestamp="27 Sep 2017 11:49:42 GMT" time="16.864" errors="0">
  <testcase name="test" time="16.864" classname="com.selenium.tests.desktop.NotepadTest"/>
</testsuite> <!-- com.selenium.tests.desktop.NotepadTest -->
